<?xml version="1.0" encoding="UTF-8"?>
<!-- Generated by org.testng.reporters.JUnitXMLReporter -->
<testsuite ignored="5" hostname="DESKTOP-AOAICE6" failures="0" tests="1" name="Default test" time="20.73" errors="0" timestamp="2023-02-01T07:35:59 CET">
  <testcase classname="MW.TestAutomationDesign.TestComponents.BaseTest" name="@BeforeMethod launchApplication" time="20.647">
    <failure type="org.openqa.selenium.SessionNotCreatedException" message="Could not start a new session. Possible causes are invalid address of the remote server or browser start-up failure. 
Host info: host: &amp;apos;DESKTOP-AOAICE6&amp;apos;, ip: &amp;apos;192.168.100.21&amp;apos;">
      <![CDATA[org.openqa.selenium.SessionNotCreatedException: Could not start a new session. Possible causes are invalid address of the remote server or browser start-up failure. 
Host info: host: 'DESKTOP-AOAICE6', ip: '192.168.100.21'
at org.openqa.selenium.remote.RemoteWebDriver.execute(RemoteWebDriver.java:553)
at org.openqa.selenium.remote.RemoteWebDriver.startSession(RemoteWebDriver.java:228)
at org.openqa.selenium.remote.RemoteWebDriver.<init>(RemoteWebDriver.java:156)
at org.openqa.selenium.chromium.ChromiumDriver.<init>(ChromiumDriver.java:101)
at org.openqa.selenium.edge.EdgeDriver.<init>(EdgeDriver.java:54)
at org.openqa.selenium.edge.EdgeDriver.<init>(EdgeDriver.java:46)
at org.openqa.selenium.edge.EdgeDriver.<init>(EdgeDriver.java:42)
at MW.TestAutomationDesign.TestComponents.BaseTest.initializeDriver(BaseTest.java:38)
at MW.TestAutomationDesign.TestComponents.BaseTest.launchApplication(BaseTest.java:49)
at java.base/jdk.internal.reflect.NativeMethodAccessorImpl.invoke0(Native Method)
at java.base/jdk.internal.reflect.NativeMethodAccessorImpl.invoke(NativeMethodAccessorImpl.java:77)
at java.base/jdk.internal.reflect.DelegatingMethodAccessorImpl.invoke(DelegatingMethodAccessorImpl.java:43)
at java.base/java.lang.reflect.Method.invoke(Method.java:568)
at org.testng.internal.invokers.MethodInvocationHelper.invokeMethod(MethodInvocationHelper.java:139)
at org.testng.internal.invokers.MethodInvocationHelper.invokeMethodConsideringTimeout(MethodInvocationHelper.java:69)
at org.testng.internal.invokers.ConfigInvoker.invokeConfigurationMethod(ConfigInvoker.java:361)
at org.testng.internal.invokers.ConfigInvoker.invokeConfigurations(ConfigInvoker.java:296)
at org.testng.internal.invokers.TestInvoker.runConfigMethods(TestInvoker.java:816)
at org.testng.internal.invokers.TestInvoker.invokeMethod(TestInvoker.java:590)
at org.testng.internal.invokers.TestInvoker.invokeTestMethod(TestInvoker.java:221)
at org.testng.internal.invokers.MethodRunner.runInSequence(MethodRunner.java:50)
at org.testng.internal.invokers.TestInvoker$MethodInvocationAgent.invoke(TestInvoker.java:962)
at org.testng.internal.invokers.TestInvoker.invokeTestMethods(TestInvoker.java:194)
at org.testng.internal.invokers.TestMethodWorker.invokeTestMethods(TestMethodWorker.java:148)
at org.testng.internal.invokers.TestMethodWorker.run(TestMethodWorker.java:128)
at java.base/java.util.ArrayList.forEach(ArrayList.java:1511)
at org.testng.TestRunner.privateRun(TestRunner.java:806)
at org.testng.TestRunner.run(TestRunner.java:601)
at org.testng.SuiteRunner.runTest(SuiteRunner.java:433)
at org.testng.SuiteRunner.runSequentially(SuiteRunner.java:427)
at org.testng.SuiteRunner.privateRun(SuiteRunner.java:387)
at org.testng.SuiteRunner.run(SuiteRunner.java:330)
at org.testng.SuiteRunnerWorker.runSuite(SuiteRunnerWorker.java:52)
at org.testng.SuiteRunnerWorker.run(SuiteRunnerWorker.java:95)
at org.testng.TestNG.runSuitesSequentially(TestNG.java:1256)
at org.testng.TestNG.runSuitesLocally(TestNG.java:1176)
at org.testng.TestNG.runSuites(TestNG.java:1099)
at org.testng.TestNG.run(TestNG.java:1067)
at org.testng.remote.AbstractRemoteTestNG.run(AbstractRemoteTestNG.java:115)
at org.testng.remote.RemoteTestNG.initAndRun(RemoteTestNG.java:251)
at org.testng.remote.RemoteTestNG.main(RemoteTestNG.java:77)
Caused by: org.openqa.selenium.WebDriverException: Timed out waiting for driver process to start.
Build info: version: '4.7.2', revision: '4d4020c3b7'
System info: os.name: 'Windows 10', os.arch: 'amd64', os.version: '10.0', java.version: '17.0.5'
Driver info: driver.version: EdgeDriver
at org.openqa.selenium.remote.service.DriverService.start(DriverService.java:218)
at org.openqa.selenium.remote.service.DriverCommandExecutor.execute(DriverCommandExecutor.java:98)
at org.openqa.selenium.remote.RemoteWebDriver.execute(RemoteWebDriver.java:535)
... 40 more
]]>
    </failure>
  </testcase> <!-- @BeforeMethod launchApplication -->
  <testcase classname="MW.TestAutomationDesign.TestComponents.BaseTest" name="@AfterMethod closingBrowser" time="0.0">
    <skipped/>
  </testcase> <!-- @AfterMethod closingBrowser -->
  <testcase classname="MW.TestAutomationDesign.Tests.OrderTest" name="cartCheck" time="0.0">
    <skipped/>
  </testcase> <!-- cartCheck -->
  <testcase classname="MW.TestAutomationDesign.Tests.OrderTest" name="checkoutTexboxesFullCheck" time="0.0">
    <ignored/>
  </testcase> <!-- checkoutTexboxesFullCheck -->
  <testcase classname="MW.TestAutomationDesign.Tests.OrderTest" name="checkAllBackbuttons" time="0.0">
    <ignored/>
  </testcase> <!-- checkAllBackbuttons -->
  <testcase classname="MW.TestAutomationDesign.Tests.OrderTest" name="checkoutTextboxesBasicCheck" time="0.0">
    <ignored/>
  </testcase> <!-- checkoutTextboxesBasicCheck -->
  <testcase classname="MW.TestAutomationDesign.Tests.OrderTest" name="emptyCartCheckoutCheck" time="0.0">
    <ignored/>
  </testcase> <!-- emptyCartCheckoutCheck -->
  <testcase classname="MW.TestAutomationDesign.Tests.OrderTest" name="orderTest" time="0.0">
    <ignored/>
  </testcase> <!-- orderTest -->
</testsuite> <!-- Default test -->
