<?xml version="1.0" encoding="UTF-8"?>
<testng-results ignored="9" total="12" passed="1" failed="2" skipped="0">
  <reporter-output>
  </reporter-output>
  <suite started-at="2023-02-02T12:21:00 CET" name="Sauce Website Automation Test" finished-at="2023-02-02T12:22:08 CET" duration-ms="67987">
    <groups>
      <group name="Orders">
        <method signature="OrderTest.checkoutTextboxesBasicCheck()[pri:0, instance:MW.TestAutomationDesign.Tests.OrderTest@2b4c1d96]" name="checkoutTextboxesBasicCheck" class="MW.TestAutomationDesign.Tests.OrderTest"/>
      </group> <!-- Orders -->
      <group name="GeneralTest">
        <method signature="ErrorValidation.emptyCheckoutCheck()[pri:0, instance:MW.TestAutomationDesign.Tests.ErrorValidation@45fd9a4d]" name="emptyCheckoutCheck" class="MW.TestAutomationDesign.Tests.ErrorValidation"/>
        <method signature="OrderTest.checkoutTexboxesFullCheck()[pri:0, instance:MW.TestAutomationDesign.Tests.OrderTest@2b4c1d96]" name="checkoutTexboxesFullCheck" class="MW.TestAutomationDesign.Tests.OrderTest"/>
        <method signature="OrderTest.checkoutTextboxesBasicCheck()[pri:0, instance:MW.TestAutomationDesign.Tests.OrderTest@2b4c1d96]" name="checkoutTextboxesBasicCheck" class="MW.TestAutomationDesign.Tests.OrderTest"/>
      </group> <!-- GeneralTest -->
      <group name="ErrorValidation">
        <method signature="ErrorValidation.emptyCheckoutCheck()[pri:0, instance:MW.TestAutomationDesign.Tests.ErrorValidation@45fd9a4d]" name="emptyCheckoutCheck" class="MW.TestAutomationDesign.Tests.ErrorValidation"/>
      </group> <!-- ErrorValidation -->
      <group name="Textboxes">
        <method signature="ErrorValidation.emptyCheckoutCheck()[pri:0, instance:MW.TestAutomationDesign.Tests.ErrorValidation@45fd9a4d]" name="emptyCheckoutCheck" class="MW.TestAutomationDesign.Tests.ErrorValidation"/>
        <method signature="OrderTest.checkoutTexboxesFullCheck()[pri:0, instance:MW.TestAutomationDesign.Tests.OrderTest@2b4c1d96]" name="checkoutTexboxesFullCheck" class="MW.TestAutomationDesign.Tests.OrderTest"/>
        <method signature="OrderTest.checkoutTextboxesBasicCheck()[pri:0, instance:MW.TestAutomationDesign.Tests.OrderTest@2b4c1d96]" name="checkoutTextboxesBasicCheck" class="MW.TestAutomationDesign.Tests.OrderTest"/>
      </group> <!-- Textboxes -->
    </groups>
    <test started-at="2023-02-02T12:21:00 CET" name="Textboxes Tests" finished-at="2023-02-02T12:22:08 CET" duration-ms="67987">
      <class name="MW.TestAutomationDesign.Tests.OrderTest">
        <test-method is-config="true" signature="launchApplication()[pri:0, instance:MW.TestAutomationDesign.Tests.OrderTest@2b4c1d96]" started-at="2023-02-02T12:21:00 CET" name="launchApplication" finished-at="2023-02-02T12:21:02 CET" duration-ms="2190" status="PASS">
          <reporter-output>
          </reporter-output>
        </test-method> <!-- launchApplication -->
        <test-method signature="checkoutTexboxesFullCheck()[pri:0, instance:MW.TestAutomationDesign.Tests.OrderTest@2b4c1d96]" started-at="2023-02-02T12:21:02 CET" name="checkoutTexboxesFullCheck" finished-at="2023-02-02T12:21:14 CET" duration-ms="12363" status="FAIL">
          <exception class="java.lang.AssertionError">
            <message>
              <![CDATA[expected [true] but found [false]]]>
            </message>
            <full-stacktrace>
              <![CDATA[java.lang.AssertionError: expected [true] but found [false]
at org.testng.Assert.fail(Assert.java:110)
at org.testng.Assert.failNotEquals(Assert.java:1413)
at org.testng.Assert.assertTrue(Assert.java:56)
at org.testng.Assert.assertTrue(Assert.java:66)
at MW.TestAutomationDesign.Tests.OrderTest.checkoutTexboxesFullCheck(OrderTest.java:190)
at java.base/jdk.internal.reflect.NativeMethodAccessorImpl.invoke0(Native Method)
at java.base/jdk.internal.reflect.NativeMethodAccessorImpl.invoke(NativeMethodAccessorImpl.java:77)
at java.base/jdk.internal.reflect.DelegatingMethodAccessorImpl.invoke(DelegatingMethodAccessorImpl.java:43)
at java.base/java.lang.reflect.Method.invoke(Method.java:568)
at org.testng.internal.invokers.MethodInvocationHelper.invokeMethod(MethodInvocationHelper.java:139)
at org.testng.internal.invokers.TestInvoker.invokeMethod(TestInvoker.java:677)
at org.testng.internal.invokers.TestInvoker.invokeTestMethod(TestInvoker.java:221)
at org.testng.internal.invokers.MethodRunner.runInSequence(MethodRunner.java:50)
at org.testng.internal.invokers.TestInvoker$MethodInvocationAgent.invoke(TestInvoker.java:962)
at org.testng.internal.invokers.TestInvoker.invokeTestMethods(TestInvoker.java:194)
at org.testng.internal.invokers.TestMethodWorker.invokeTestMethods(TestMethodWorker.java:148)
at org.testng.internal.invokers.TestMethodWorker.run(TestMethodWorker.java:128)
at java.base/java.util.ArrayList.forEach(ArrayList.java:1511)
at org.testng.TestRunner.privateRun(TestRunner.java:806)
at org.testng.TestRunner.run(TestRunner.java:601)
at org.testng.SuiteRunner.runTest(SuiteRunner.java:433)
at org.testng.SuiteRunner.runSequentially(SuiteRunner.java:427)
at org.testng.SuiteRunner.privateRun(SuiteRunner.java:387)
at org.testng.SuiteRunner.run(SuiteRunner.java:330)
at org.testng.SuiteRunnerWorker.runSuite(SuiteRunnerWorker.java:52)
at org.testng.SuiteRunnerWorker.run(SuiteRunnerWorker.java:95)
at org.testng.TestNG.runSuitesSequentially(TestNG.java:1256)
at org.testng.TestNG.runSuitesLocally(TestNG.java:1176)
at org.testng.TestNG.runSuites(TestNG.java:1099)
at org.testng.TestNG.run(TestNG.java:1067)
at org.testng.remote.AbstractRemoteTestNG.run(AbstractRemoteTestNG.java:115)
at org.testng.remote.RemoteTestNG.initAndRun(RemoteTestNG.java:251)
at org.testng.remote.RemoteTestNG.main(RemoteTestNG.java:77)
]]>
            </full-stacktrace>
          </exception> <!-- java.lang.AssertionError -->
          <reporter-output>
          </reporter-output>
        </test-method> <!-- checkoutTexboxesFullCheck -->
        <test-method is-config="true" signature="closingBrowser()[pri:0, instance:MW.TestAutomationDesign.Tests.OrderTest@2b4c1d96]" started-at="2023-02-02T12:21:15 CET" name="closingBrowser" finished-at="2023-02-02T12:21:31 CET" duration-ms="16264" status="PASS">
          <reporter-output>
          </reporter-output>
        </test-method> <!-- closingBrowser -->
        <test-method is-config="true" signature="launchApplication()[pri:0, instance:MW.TestAutomationDesign.Tests.OrderTest@2b4c1d96]" started-at="2023-02-02T12:21:31 CET" name="launchApplication" finished-at="2023-02-02T12:21:32 CET" duration-ms="1043" status="PASS">
          <reporter-output>
          </reporter-output>
        </test-method> <!-- launchApplication -->
        <test-method signature="checkoutTextboxesBasicCheck()[pri:0, instance:MW.TestAutomationDesign.Tests.OrderTest@2b4c1d96]" started-at="2023-02-02T12:21:32 CET" name="checkoutTextboxesBasicCheck" finished-at="2023-02-02T12:21:33 CET" duration-ms="1175" status="FAIL">
          <exception class="java.lang.AssertionError">
            <message>
              <![CDATA[expected [false] but found [true]]]>
            </message>
            <full-stacktrace>
              <![CDATA[java.lang.AssertionError: expected [false] but found [true]
at org.testng.Assert.fail(Assert.java:110)
at org.testng.Assert.failNotEquals(Assert.java:1413)
at org.testng.Assert.assertFalse(Assert.java:78)
at org.testng.Assert.assertFalse(Assert.java:88)
at MW.TestAutomationDesign.Tests.OrderTest.checkoutTextboxesBasicCheck(OrderTest.java:133)
at java.base/jdk.internal.reflect.NativeMethodAccessorImpl.invoke0(Native Method)
at java.base/jdk.internal.reflect.NativeMethodAccessorImpl.invoke(NativeMethodAccessorImpl.java:77)
at java.base/jdk.internal.reflect.DelegatingMethodAccessorImpl.invoke(DelegatingMethodAccessorImpl.java:43)
at java.base/java.lang.reflect.Method.invoke(Method.java:568)
at org.testng.internal.invokers.MethodInvocationHelper.invokeMethod(MethodInvocationHelper.java:139)
at org.testng.internal.invokers.TestInvoker.invokeMethod(TestInvoker.java:677)
at org.testng.internal.invokers.TestInvoker.invokeTestMethod(TestInvoker.java:221)
at org.testng.internal.invokers.MethodRunner.runInSequence(MethodRunner.java:50)
at org.testng.internal.invokers.TestInvoker$MethodInvocationAgent.invoke(TestInvoker.java:962)
at org.testng.internal.invokers.TestInvoker.invokeTestMethods(TestInvoker.java:194)
at org.testng.internal.invokers.TestMethodWorker.invokeTestMethods(TestMethodWorker.java:148)
at org.testng.internal.invokers.TestMethodWorker.run(TestMethodWorker.java:128)
at java.base/java.util.ArrayList.forEach(ArrayList.java:1511)
at org.testng.TestRunner.privateRun(TestRunner.java:806)
at org.testng.TestRunner.run(TestRunner.java:601)
at org.testng.SuiteRunner.runTest(SuiteRunner.java:433)
at org.testng.SuiteRunner.runSequentially(SuiteRunner.java:427)
at org.testng.SuiteRunner.privateRun(SuiteRunner.java:387)
at org.testng.SuiteRunner.run(SuiteRunner.java:330)
at org.testng.SuiteRunnerWorker.runSuite(SuiteRunnerWorker.java:52)
at org.testng.SuiteRunnerWorker.run(SuiteRunnerWorker.java:95)
at org.testng.TestNG.runSuitesSequentially(TestNG.java:1256)
at org.testng.TestNG.runSuitesLocally(TestNG.java:1176)
at org.testng.TestNG.runSuites(TestNG.java:1099)
at org.testng.TestNG.run(TestNG.java:1067)
at org.testng.remote.AbstractRemoteTestNG.run(AbstractRemoteTestNG.java:115)
at org.testng.remote.RemoteTestNG.initAndRun(RemoteTestNG.java:251)
at org.testng.remote.RemoteTestNG.main(RemoteTestNG.java:77)
]]>
            </full-stacktrace>
          </exception> <!-- java.lang.AssertionError -->
          <reporter-output>
          </reporter-output>
        </test-method> <!-- checkoutTextboxesBasicCheck -->
        <test-method is-config="true" signature="closingBrowser()[pri:0, instance:MW.TestAutomationDesign.Tests.OrderTest@2b4c1d96]" started-at="2023-02-02T12:21:33 CET" name="closingBrowser" finished-at="2023-02-02T12:21:50 CET" duration-ms="16285" status="PASS">
          <reporter-output>
          </reporter-output>
        </test-method> <!-- closingBrowser -->
      </class> <!-- MW.TestAutomationDesign.Tests.OrderTest -->
      <class name="MW.TestAutomationDesign.Tests.ErrorValidation">
        <test-method is-config="true" signature="launchApplication()[pri:0, instance:MW.TestAutomationDesign.Tests.ErrorValidation@45fd9a4d]" started-at="2023-02-02T12:21:50 CET" name="launchApplication" finished-at="2023-02-02T12:21:51 CET" duration-ms="1086" status="PASS">
          <reporter-output>
          </reporter-output>
        </test-method> <!-- launchApplication -->
        <test-method signature="emptyCheckoutCheck()[pri:0, instance:MW.TestAutomationDesign.Tests.ErrorValidation@45fd9a4d]" started-at="2023-02-02T12:21:51 CET" name="emptyCheckoutCheck" finished-at="2023-02-02T12:21:51 CET" duration-ms="891" status="PASS">
          <reporter-output>
          </reporter-output>
        </test-method> <!-- emptyCheckoutCheck -->
        <test-method is-config="true" signature="closingBrowser()[pri:0, instance:MW.TestAutomationDesign.Tests.ErrorValidation@45fd9a4d]" started-at="2023-02-02T12:21:51 CET" name="closingBrowser" finished-at="2023-02-02T12:22:08 CET" duration-ms="16276" status="PASS">
          <reporter-output>
          </reporter-output>
        </test-method> <!-- closingBrowser -->
      </class> <!-- MW.TestAutomationDesign.Tests.ErrorValidation -->
    </test> <!-- Textboxes Tests -->
  </suite> <!-- Sauce Website Automation Test -->
</testng-results>
