<?xml version="1.0" encoding="UTF-8"?>
<!-- Generated by org.testng.reporters.JUnitXMLReporter -->
<testsuite ignored="9" hostname="DESKTOP-AOAICE6" failures="2" tests="3" name="Textboxes Tests" time="52.631" errors="0" timestamp="2023-02-02T19:12:32 CET">
  <testcase classname="MW.TestAutomationDesign.Tests.OrderTest" name="checkoutTexboxesFullCheck" time="12.421">
    <failure type="java.lang.AssertionError" message="expected [true] but found [false]">
      <![CDATA[java.lang.AssertionError: expected [true] but found [false]
at MW.TestAutomationDesign.Tests.OrderTest.checkoutTexboxesFullCheck(OrderTest.java:190)
at java.base/java.util.ArrayList.forEach(ArrayList.java:1511)
... Removed 33 stack frames]]>
    </failure>
  </testcase> <!-- checkoutTexboxesFullCheck -->
  <testcase classname="MW.TestAutomationDesign.Tests.OrderTest" name="checkoutTextboxesBasicCheck" time="1.194">
    <failure type="java.lang.AssertionError" message="expected [false] but found [true]">
      <![CDATA[java.lang.AssertionError: expected [false] but found [true]
at MW.TestAutomationDesign.Tests.OrderTest.checkoutTextboxesBasicCheck(OrderTest.java:133)
at java.base/java.util.ArrayList.forEach(ArrayList.java:1511)
... Removed 33 stack frames]]>
    </failure>
  </testcase> <!-- checkoutTextboxesBasicCheck -->
  <testcase classname="MW.TestAutomationDesign.Tests.ErrorValidation" name="emptyCheckoutCheck" time="0.862"/>
  <testcase classname="MW.TestAutomationDesign.Tests.LoginValidation" name="manuaLoggingInTest" time="0.0">
    <ignored/>
  </testcase> <!-- manuaLoggingInTest -->
  <testcase classname="MW.TestAutomationDesign.Tests.OrderTest" name="cartCheck" time="0.0">
    <ignored/>
  </testcase> <!-- cartCheck -->
  <testcase classname="MW.TestAutomationDesign.Tests.ErrorValidation" name="loginErrorValidation" time="0.0">
    <ignored/>
  </testcase> <!-- loginErrorValidation -->
  <testcase classname="MW.TestAutomationDesign.Tests.LoginValidation" name="LogOnSelectedUserFromDatabase" time="0.0">
    <ignored/>
  </testcase> <!-- LogOnSelectedUserFromDatabase -->
  <testcase classname="MW.TestAutomationDesign.Tests.OrderTest" name="orderTest" time="0.0">
    <ignored/>
  </testcase> <!-- orderTest -->
  <testcase classname="MW.TestAutomationDesign.Tests.DevToolsTests" name="websiteOnDifferentDeviceSize" time="0.0">
    <ignored/>
  </testcase> <!-- websiteOnDifferentDeviceSize -->
  <testcase classname="MW.TestAutomationDesign.Tests.LoginValidation" name="logOnAllUsers" time="0.0">
    <ignored/>
  </testcase> <!-- logOnAllUsers -->
  <testcase classname="MW.TestAutomationDesign.Tests.OrderTest" name="checkAllBackbuttons" time="0.0">
    <ignored/>
  </testcase> <!-- checkAllBackbuttons -->
  <testcase classname="MW.TestAutomationDesign.Tests.OrderTest" name="emptyCartCheckoutCheck" time="0.0">
    <ignored/>
  </testcase> <!-- emptyCartCheckoutCheck -->
</testsuite> <!-- Textboxes Tests -->
