<?xml version="1.0" encoding="UTF-8"?>
<!-- Generated by org.testng.reporters.JUnitXMLReporter -->
<testsuite ignored="9" hostname="DESKTOP-AOAICE6" failures="3" tests="3" name="Test1" time="0.511" errors="0" timestamp="2023-01-31T21:40:36 CET">
  <testcase classname="MW.TestAutomationDesign.Tests.LoginValidation" name="LogOnSelectedUserFromDatabase" time="0.445">
    <failure type="java.lang.NullPointerException" message="Cannot invoke &amp;quot;MW.TestAutomationDesign.PageObjects.LandingPage.manualLoggingIn(String, String)&amp;quot; because &amp;quot;MW.TestAutomationDesign.Tests.LoginValidation.landingPage&amp;quot; is null">
      <![CDATA[java.lang.NullPointerException: Cannot invoke "MW.TestAutomationDesign.PageObjects.LandingPage.manualLoggingIn(String, String)" because "MW.TestAutomationDesign.Tests.LoginValidation.landingPage" is null
at MW.TestAutomationDesign.Tests.LoginValidation.LogOnSelectedUserFromDatabase(LoginValidation.java:48)
at java.base/java.util.ArrayList.forEach(ArrayList.java:1511)
... Removed 27 stack frames]]>
    </failure>
  </testcase> <!-- LogOnSelectedUserFromDatabase -->
  <testcase classname="MW.TestAutomationDesign.Tests.LoginValidation" name="logOnAllUsers" time="0.001">
    <failure type="java.lang.NullPointerException" message="Cannot invoke &amp;quot;MW.TestAutomationDesign.PageObjects.LandingPage.loggingIn(int)&amp;quot; because &amp;quot;MW.TestAutomationDesign.Tests.LoginValidation.landingPage&amp;quot; is null">
      <![CDATA[java.lang.NullPointerException: Cannot invoke "MW.TestAutomationDesign.PageObjects.LandingPage.loggingIn(int)" because "MW.TestAutomationDesign.Tests.LoginValidation.landingPage" is null
at MW.TestAutomationDesign.Tests.LoginValidation.logOnAllUsers(LoginValidation.java:54)
at java.base/java.util.ArrayList.forEach(ArrayList.java:1511)
... Removed 27 stack frames]]>
    </failure>
  </testcase> <!-- logOnAllUsers -->
  <testcase classname="MW.TestAutomationDesign.Tests.LoginValidation" name="manuaLoggingInTest" time="0.001">
    <failure type="java.lang.NullPointerException" message="Cannot invoke &amp;quot;MW.TestAutomationDesign.PageObjects.LandingPage.manualLoggingIn(String, String)&amp;quot; because &amp;quot;MW.TestAutomationDesign.Tests.LoginValidation.landingPage&amp;quot; is null">
      <![CDATA[java.lang.NullPointerException: Cannot invoke "MW.TestAutomationDesign.PageObjects.LandingPage.manualLoggingIn(String, String)" because "MW.TestAutomationDesign.Tests.LoginValidation.landingPage" is null
at MW.TestAutomationDesign.Tests.LoginValidation.manuaLoggingInTest(LoginValidation.java:35)
at java.base/java.util.ArrayList.forEach(ArrayList.java:1511)
... Removed 27 stack frames]]>
    </failure>
  </testcase> <!-- manuaLoggingInTest -->
  <testcase classname="MW.TestAutomationDesign.Tests.OrderTest" name="emptyCartCheckoutCheck" time="0.0">
    <ignored/>
  </testcase> <!-- emptyCartCheckoutCheck -->
  <testcase classname="MW.TestAutomationDesign.Tests.OrderTest" name="cartCheck" time="0.0">
    <ignored/>
  </testcase> <!-- cartCheck -->
  <testcase classname="MW.TestAutomationDesign.Tests.OrderTest" name="orderTest" time="0.0">
    <ignored/>
  </testcase> <!-- orderTest -->
  <testcase classname="MW.TestAutomationDesign.Tests.OrderTest" name="checkoutTextboxesBasicCheck" time="0.0">
    <ignored/>
  </testcase> <!-- checkoutTextboxesBasicCheck -->
  <testcase classname="MW.TestAutomationDesign.Tests.OrderTest" name="checkoutTexboxesFullCheck" time="0.0">
    <ignored/>
  </testcase> <!-- checkoutTexboxesFullCheck -->
  <testcase classname="MW.TestAutomationDesign.Tests.DevToolsTests" name="websiteOnDifferentDeviceSize" time="0.0">
    <ignored/>
  </testcase> <!-- websiteOnDifferentDeviceSize -->
  <testcase classname="MW.TestAutomationDesign.Tests.OrderTest" name="checkAllBackbuttons" time="0.0">
    <ignored/>
  </testcase> <!-- checkAllBackbuttons -->
  <testcase classname="MW.TestAutomationDesign.Tests.ErrorValidation" name="loginErrorValidation" time="0.0">
    <ignored/>
  </testcase> <!-- loginErrorValidation -->
  <testcase classname="MW.TestAutomationDesign.Tests.ErrorValidation" name="emptyCheckoutCheck" time="0.0">
    <ignored/>
  </testcase> <!-- emptyCheckoutCheck -->
</testsuite> <!-- Test1 -->
