<?xml version="1.0" encoding="UTF-8"?>
<!-- Generated by org.testng.reporters.JUnitXMLReporter -->
<testsuite ignored="7" hostname="DESKTOP-AOAICE6" failures="5" tests="5" name="Test" time="0.087" errors="0" timestamp="2023-01-31T21:42:38 CET">
  <testcase classname="MW.TestAutomationDesign.Tests.OrderTest" name="cartCheck" time="0.011">
    <failure type="java.lang.NullPointerException" message="Cannot invoke &amp;quot;MW.TestAutomationDesign.PageObjects.LandingPage.loggingIn(int)&amp;quot; because &amp;quot;MW.TestAutomationDesign.Tests.OrderTest.landingPage&amp;quot; is null">
      <![CDATA[java.lang.NullPointerException: Cannot invoke "MW.TestAutomationDesign.PageObjects.LandingPage.loggingIn(int)" because "MW.TestAutomationDesign.Tests.OrderTest.landingPage" is null
at MW.TestAutomationDesign.Tests.OrderTest.cartCheck(OrderTest.java:65)
at java.base/java.util.ArrayList.forEach(ArrayList.java:1511)
... Removed 27 stack frames]]>
    </failure>
  </testcase> <!-- cartCheck -->
  <testcase classname="MW.TestAutomationDesign.Tests.OrderTest" name="checkAllBackbuttons" time="0.001">
    <failure type="java.lang.NullPointerException" message="Cannot invoke &amp;quot;MW.TestAutomationDesign.PageObjects.LandingPage.loggingIn(int)&amp;quot; because &amp;quot;MW.TestAutomationDesign.Tests.OrderTest.landingPage&amp;quot; is null">
      <![CDATA[java.lang.NullPointerException: Cannot invoke "MW.TestAutomationDesign.PageObjects.LandingPage.loggingIn(int)" because "MW.TestAutomationDesign.Tests.OrderTest.landingPage" is null
at MW.TestAutomationDesign.Tests.OrderTest.checkAllBackbuttons(OrderTest.java:99)
at java.base/java.util.ArrayList.forEach(ArrayList.java:1511)
... Removed 27 stack frames]]>
    </failure>
  </testcase> <!-- checkAllBackbuttons -->
  <testcase classname="MW.TestAutomationDesign.Tests.OrderTest" name="checkoutTextboxesBasicCheck" time="0.001">
    <failure type="java.lang.NullPointerException" message="Cannot invoke &amp;quot;MW.TestAutomationDesign.PageObjects.LandingPage.loggingIn(int)&amp;quot; because &amp;quot;MW.TestAutomationDesign.Tests.OrderTest.landingPage&amp;quot; is null">
      <![CDATA[java.lang.NullPointerException: Cannot invoke "MW.TestAutomationDesign.PageObjects.LandingPage.loggingIn(int)" because "MW.TestAutomationDesign.Tests.OrderTest.landingPage" is null
at MW.TestAutomationDesign.Tests.OrderTest.checkoutTextboxesBasicCheck(OrderTest.java:127)
at java.base/java.util.ArrayList.forEach(ArrayList.java:1511)
... Removed 27 stack frames]]>
    </failure>
  </testcase> <!-- checkoutTextboxesBasicCheck -->
  <testcase classname="MW.TestAutomationDesign.Tests.OrderTest" name="emptyCartCheckoutCheck" time="0.001">
    <failure type="java.lang.NullPointerException" message="Cannot invoke &amp;quot;MW.TestAutomationDesign.PageObjects.LandingPage.loggingIn(int)&amp;quot; because &amp;quot;MW.TestAutomationDesign.Tests.OrderTest.landingPage&amp;quot; is null">
      <![CDATA[java.lang.NullPointerException: Cannot invoke "MW.TestAutomationDesign.PageObjects.LandingPage.loggingIn(int)" because "MW.TestAutomationDesign.Tests.OrderTest.landingPage" is null
at MW.TestAutomationDesign.Tests.OrderTest.emptyCartCheckoutCheck(OrderTest.java:86)
at java.base/java.util.ArrayList.forEach(ArrayList.java:1511)
... Removed 27 stack frames]]>
    </failure>
  </testcase> <!-- emptyCartCheckoutCheck -->
  <testcase classname="MW.TestAutomationDesign.Tests.OrderTest" name="orderTest" time="0.001">
    <failure type="java.lang.NullPointerException" message="Cannot invoke &amp;quot;MW.TestAutomationDesign.PageObjects.LandingPage.loggingIn(int)&amp;quot; because &amp;quot;MW.TestAutomationDesign.Tests.OrderTest.landingPage&amp;quot; is null">
      <![CDATA[java.lang.NullPointerException: Cannot invoke "MW.TestAutomationDesign.PageObjects.LandingPage.loggingIn(int)" because "MW.TestAutomationDesign.Tests.OrderTest.landingPage" is null
at MW.TestAutomationDesign.Tests.OrderTest.orderTest(OrderTest.java:30)
at java.base/java.util.ArrayList.forEach(ArrayList.java:1511)
... Removed 27 stack frames]]>
    </failure>
  </testcase> <!-- orderTest -->
  <testcase classname="MW.TestAutomationDesign.Tests.LoginValidation" name="logOnAllUsers" time="0.0">
    <ignored/>
  </testcase> <!-- logOnAllUsers -->
  <testcase classname="MW.TestAutomationDesign.Tests.LoginValidation" name="LogOnSelectedUserFromDatabase" time="0.0">
    <ignored/>
  </testcase> <!-- LogOnSelectedUserFromDatabase -->
  <testcase classname="MW.TestAutomationDesign.Tests.OrderTest" name="checkoutTexboxesFullCheck" time="0.0">
    <ignored/>
  </testcase> <!-- checkoutTexboxesFullCheck -->
  <testcase classname="MW.TestAutomationDesign.Tests.DevToolsTests" name="websiteOnDifferentDeviceSize" time="0.0">
    <ignored/>
  </testcase> <!-- websiteOnDifferentDeviceSize -->
  <testcase classname="MW.TestAutomationDesign.Tests.ErrorValidation" name="loginErrorValidation" time="0.0">
    <ignored/>
  </testcase> <!-- loginErrorValidation -->
  <testcase classname="MW.TestAutomationDesign.Tests.LoginValidation" name="manuaLoggingInTest" time="0.0">
    <ignored/>
  </testcase> <!-- manuaLoggingInTest -->
  <testcase classname="MW.TestAutomationDesign.Tests.ErrorValidation" name="emptyCheckoutCheck" time="0.0">
    <ignored/>
  </testcase> <!-- emptyCheckoutCheck -->
</testsuite> <!-- Test -->
